{"/home/abhi/Pictures/trigsy sf/dao_layer/crud.js": {"path":"/home/abhi/Pictures/trigsy sf/dao_layer/crud.js","statementMap":{"0":{"start":{"line":2,"column":16},"end":{"line":2,"column":40}},"1":{"start":{"line":4,"column":17},"end":{"line":12,"column":1}},"2":{"start":{"line":15,"column":4},"end":{"line":15,"column":29}},"3":{"start":{"line":19,"column":4},"end":{"line":19,"column":53}},"4":{"start":{"line":23,"column":4},"end":{"line":23,"column":54}},"5":{"start":{"line":34,"column":4},"end":{"line":34,"column":57}},"6":{"start":{"line":38,"column":21},"end":{"line":38,"column":41}},"7":{"start":{"line":39,"column":4},"end":{"line":39,"column":29}},"8":{"start":{"line":43,"column":24},"end":{"line":48,"column":5}},"9":{"start":{"line":49,"column":4},"end":{"line":49,"column":72}},"10":{"start":{"line":82,"column":0},"end":{"line":82,"column":28}}},"fnMap":{"0":{"name":"findAll","decl":{"start":{"line":14,"column":9},"end":{"line":14,"column":16}},"loc":{"start":{"line":14,"column":19},"end":{"line":16,"column":1}},"line":14},"1":{"name":"findById","decl":{"start":{"line":18,"column":9},"end":{"line":18,"column":17}},"loc":{"start":{"line":18,"column":22},"end":{"line":20,"column":1}},"line":18},"2":{"name":"findOne","decl":{"start":{"line":22,"column":9},"end":{"line":22,"column":16}},"loc":{"start":{"line":22,"column":21},"end":{"line":31,"column":1}},"line":22},"3":{"name":"deleteById","decl":{"start":{"line":33,"column":9},"end":{"line":33,"column":19}},"loc":{"start":{"line":33,"column":24},"end":{"line":35,"column":1}},"line":33},"4":{"name":"create","decl":{"start":{"line":37,"column":9},"end":{"line":37,"column":15}},"loc":{"start":{"line":37,"column":25},"end":{"line":40,"column":1}},"line":37},"5":{"name":"updateSession","decl":{"start":{"line":42,"column":9},"end":{"line":42,"column":22}},"loc":{"start":{"line":42,"column":36},"end":{"line":50,"column":1}},"line":42}},"branchMap":{},"s":{"0":1,"1":1,"2":0,"3":0,"4":0,"5":0,"6":0,"7":0,"8":0,"9":0,"10":1},"f":{"0":0,"1":0,"2":0,"3":0,"4":0,"5":0},"b":{},"_coverageSchema":"1a1c01bbd47fc00a2c39e90264f33305004495a9","hash":"c54aaa6176158a98e0fb8b48de3311b0844a69c3"}
,"/home/abhi/Pictures/trigsy sf/dao_layer/index.js": {"path":"/home/abhi/Pictures/trigsy sf/dao_layer/index.js","statementMap":{"0":{"start":{"line":1,"column":19},"end":{"line":1,"column":41}},"1":{"start":{"line":2,"column":16},"end":{"line":2,"column":34}},"2":{"start":{"line":3,"column":13},"end":{"line":3,"column":28}},"3":{"start":{"line":4,"column":12},"end":{"line":4,"column":21}},"4":{"start":{"line":7,"column":11},"end":{"line":7,"column":39}},"5":{"start":{"line":8,"column":0},"end":{"line":12,"column":2}},"6":{"start":{"line":9,"column":4},"end":{"line":9,"column":41}},"7":{"start":{"line":11,"column":4},"end":{"line":11,"column":33}},"8":{"start":{"line":16,"column":0},"end":{"line":16,"column":27}},"9":{"start":{"line":17,"column":0},"end":{"line":17,"column":51}},"10":{"start":{"line":18,"column":0},"end":{"line":18,"column":19}},"11":{"start":{"line":20,"column":0},"end":{"line":20,"column":41}},"12":{"start":{"line":22,"column":13},"end":{"line":22,"column":37}},"13":{"start":{"line":23,"column":0},"end":{"line":25,"column":46}},"14":{"start":{"line":24,"column":4},"end":{"line":24,"column":68}},"15":{"start":{"line":25,"column":16},"end":{"line":25,"column":44}},"16":{"start":{"line":27,"column":0},"end":{"line":27,"column":21}}},"fnMap":{"0":{"name":"(anonymous_0)","decl":{"start":{"line":8,"column":23},"end":{"line":8,"column":24}},"loc":{"start":{"line":8,"column":29},"end":{"line":10,"column":1}},"line":8},"1":{"name":"(anonymous_1)","decl":{"start":{"line":10,"column":9},"end":{"line":10,"column":10}},"loc":{"start":{"line":10,"column":16},"end":{"line":12,"column":1}},"line":10},"2":{"name":"(anonymous_2)","decl":{"start":{"line":23,"column":15},"end":{"line":23,"column":16}},"loc":{"start":{"line":23,"column":21},"end":{"line":25,"column":1}},"line":23},"3":{"name":"(anonymous_3)","decl":{"start":{"line":25,"column":9},"end":{"line":25,"column":10}},"loc":{"start":{"line":25,"column":16},"end":{"line":25,"column":44}},"line":25}},"branchMap":{"0":{"loc":{"start":{"line":22,"column":13},"end":{"line":22,"column":37}},"type":"binary-expr","locations":[{"start":{"line":22,"column":13},"end":{"line":22,"column":29}},{"start":{"line":22,"column":33},"end":{"line":22,"column":37}}],"line":22}},"s":{"0":1,"1":1,"2":1,"3":1,"4":1,"5":1,"6":0,"7":0,"8":1,"9":1,"10":1,"11":1,"12":1,"13":1,"14":0,"15":0,"16":1},"f":{"0":0,"1":0,"2":0,"3":0},"b":{"0":[1,1]},"_coverageSchema":"1a1c01bbd47fc00a2c39e90264f33305004495a9","hash":"82849d057fb22f8986ce62ab03d63a18c37e0bf3"}
,"/home/abhi/Pictures/trigsy sf/dao_layer/config/database.js": {"path":"/home/abhi/Pictures/trigsy sf/dao_layer/config/database.js","statementMap":{"0":{"start":{"line":19,"column":22},"end":{"line":19,"column":42}},"1":{"start":{"line":21,"column":11},"end":{"line":34,"column":2}},"2":{"start":{"line":36,"column":0},"end":{"line":36,"column":20}}},"fnMap":{},"branchMap":{},"s":{"0":1,"1":1,"2":1},"f":{},"b":{},"_coverageSchema":"1a1c01bbd47fc00a2c39e90264f33305004495a9","hash":"60c6f358a2dbc605d6834faeee6bebdd8d8ee23e"}
,"/home/abhi/Pictures/trigsy sf/dao_layer/controller/session.controller.js": {"path":"/home/abhi/Pictures/trigsy sf/dao_layer/controller/session.controller.js","statementMap":{"0":{"start":{"line":1,"column":19},"end":{"line":1,"column":37}},"1":{"start":{"line":4,"column":24},"end":{"line":11,"column":1}},"2":{"start":{"line":14,"column":18},"end":{"line":14,"column":26}},"3":{"start":{"line":15,"column":4},"end":{"line":21,"column":11}},"4":{"start":{"line":17,"column":12},"end":{"line":17,"column":27}},"5":{"start":{"line":20,"column":12},"end":{"line":20,"column":31}},"6":{"start":{"line":25,"column":4},"end":{"line":31,"column":11}},"7":{"start":{"line":27,"column":12},"end":{"line":27,"column":27}},"8":{"start":{"line":30,"column":12},"end":{"line":30,"column":31}},"9":{"start":{"line":35,"column":4},"end":{"line":41,"column":11}},"10":{"start":{"line":37,"column":12},"end":{"line":37,"column":27}},"11":{"start":{"line":40,"column":12},"end":{"line":40,"column":31}},"12":{"start":{"line":45,"column":4},"end":{"line":54,"column":11}},"13":{"start":{"line":47,"column":12},"end":{"line":50,"column":14}},"14":{"start":{"line":53,"column":12},"end":{"line":53,"column":31}},"15":{"start":{"line":58,"column":4},"end":{"line":67,"column":11}},"16":{"start":{"line":60,"column":12},"end":{"line":63,"column":14}},"17":{"start":{"line":66,"column":12},"end":{"line":66,"column":31}},"18":{"start":{"line":71,"column":4},"end":{"line":77,"column":11}},"19":{"start":{"line":73,"column":12},"end":{"line":73,"column":27}},"20":{"start":{"line":76,"column":12},"end":{"line":76,"column":31}},"21":{"start":{"line":82,"column":0},"end":{"line":82,"column":35}}},"fnMap":{"0":{"name":"addSession","decl":{"start":{"line":13,"column":9},"end":{"line":13,"column":19}},"loc":{"start":{"line":13,"column":30},"end":{"line":22,"column":1}},"line":13},"1":{"name":"(anonymous_1)","decl":{"start":{"line":16,"column":13},"end":{"line":16,"column":14}},"loc":{"start":{"line":16,"column":23},"end":{"line":18,"column":9}},"line":16},"2":{"name":"(anonymous_2)","decl":{"start":{"line":19,"column":15},"end":{"line":19,"column":16}},"loc":{"start":{"line":19,"column":26},"end":{"line":21,"column":9}},"line":19},"3":{"name":"findSessionById","decl":{"start":{"line":24,"column":9},"end":{"line":24,"column":24}},"loc":{"start":{"line":24,"column":35},"end":{"line":32,"column":1}},"line":24},"4":{"name":"(anonymous_4)","decl":{"start":{"line":26,"column":13},"end":{"line":26,"column":14}},"loc":{"start":{"line":26,"column":23},"end":{"line":28,"column":9}},"line":26},"5":{"name":"(anonymous_5)","decl":{"start":{"line":29,"column":15},"end":{"line":29,"column":16}},"loc":{"start":{"line":29,"column":26},"end":{"line":31,"column":9}},"line":29},"6":{"name":"findSess","decl":{"start":{"line":34,"column":9},"end":{"line":34,"column":17}},"loc":{"start":{"line":34,"column":28},"end":{"line":42,"column":1}},"line":34},"7":{"name":"(anonymous_7)","decl":{"start":{"line":36,"column":13},"end":{"line":36,"column":14}},"loc":{"start":{"line":36,"column":23},"end":{"line":38,"column":9}},"line":36},"8":{"name":"(anonymous_8)","decl":{"start":{"line":39,"column":15},"end":{"line":39,"column":16}},"loc":{"start":{"line":39,"column":26},"end":{"line":41,"column":9}},"line":39},"9":{"name":"deleteById","decl":{"start":{"line":44,"column":9},"end":{"line":44,"column":19}},"loc":{"start":{"line":44,"column":30},"end":{"line":55,"column":1}},"line":44},"10":{"name":"(anonymous_10)","decl":{"start":{"line":46,"column":13},"end":{"line":46,"column":14}},"loc":{"start":{"line":46,"column":23},"end":{"line":51,"column":9}},"line":46},"11":{"name":"(anonymous_11)","decl":{"start":{"line":52,"column":15},"end":{"line":52,"column":16}},"loc":{"start":{"line":52,"column":26},"end":{"line":54,"column":9}},"line":52},"12":{"name":"updateSession","decl":{"start":{"line":57,"column":9},"end":{"line":57,"column":22}},"loc":{"start":{"line":57,"column":33},"end":{"line":68,"column":1}},"line":57},"13":{"name":"(anonymous_13)","decl":{"start":{"line":59,"column":13},"end":{"line":59,"column":14}},"loc":{"start":{"line":59,"column":23},"end":{"line":64,"column":9}},"line":59},"14":{"name":"(anonymous_14)","decl":{"start":{"line":65,"column":15},"end":{"line":65,"column":16}},"loc":{"start":{"line":65,"column":26},"end":{"line":67,"column":9}},"line":65},"15":{"name":"findSessions","decl":{"start":{"line":70,"column":9},"end":{"line":70,"column":21}},"loc":{"start":{"line":70,"column":32},"end":{"line":78,"column":1}},"line":70},"16":{"name":"(anonymous_16)","decl":{"start":{"line":72,"column":13},"end":{"line":72,"column":14}},"loc":{"start":{"line":72,"column":23},"end":{"line":74,"column":9}},"line":72},"17":{"name":"(anonymous_17)","decl":{"start":{"line":75,"column":15},"end":{"line":75,"column":16}},"loc":{"start":{"line":75,"column":26},"end":{"line":77,"column":9}},"line":75}},"branchMap":{},"s":{"0":1,"1":1,"2":0,"3":0,"4":0,"5":0,"6":0,"7":0,"8":0,"9":0,"10":0,"11":0,"12":0,"13":0,"14":0,"15":0,"16":0,"17":0,"18":0,"19":0,"20":0,"21":1},"f":{"0":0,"1":0,"2":0,"3":0,"4":0,"5":0,"6":0,"7":0,"8":0,"9":0,"10":0,"11":0,"12":0,"13":0,"14":0,"15":0,"16":0,"17":0},"b":{},"_coverageSchema":"1a1c01bbd47fc00a2c39e90264f33305004495a9","hash":"4a54b720f50acbb8bd8e79ae12949bcf8f356785"}
,"/home/abhi/Pictures/trigsy sf/dao_layer/routes/routes.js": {"path":"/home/abhi/Pictures/trigsy sf/dao_layer/routes/routes.js","statementMap":{"0":{"start":{"line":1,"column":16},"end":{"line":1,"column":34}},"1":{"start":{"line":2,"column":15},"end":{"line":2,"column":31}},"2":{"start":{"line":3,"column":22},"end":{"line":3,"column":49}},"3":{"start":{"line":5,"column":0},"end":{"line":5,"column":39}},"4":{"start":{"line":6,"column":0},"end":{"line":6,"column":24}}},"fnMap":{},"branchMap":{},"s":{"0":1,"1":1,"2":1,"3":1,"4":1},"f":{},"b":{},"_coverageSchema":"1a1c01bbd47fc00a2c39e90264f33305004495a9","hash":"4742ba16e0b6ba4e3c1537425c0822abe004594e"}
,"/home/abhi/Pictures/trigsy sf/dao_layer/routes/sessions.route.js": {"path":"/home/abhi/Pictures/trigsy sf/dao_layer/routes/sessions.route.js","statementMap":{"0":{"start":{"line":1,"column":16},"end":{"line":1,"column":34}},"1":{"start":{"line":2,"column":15},"end":{"line":2,"column":31}},"2":{"start":{"line":3,"column":26},"end":{"line":3,"column":69}},"3":{"start":{"line":5,"column":0},"end":{"line":5,"column":47}},"4":{"start":{"line":6,"column":0},"end":{"line":6,"column":48}},"5":{"start":{"line":7,"column":0},"end":{"line":7,"column":47}},"6":{"start":{"line":9,"column":0},"end":{"line":9,"column":54}},"7":{"start":{"line":10,"column":0},"end":{"line":10,"column":52}},"8":{"start":{"line":11,"column":0},"end":{"line":11,"column":52}},"9":{"start":{"line":13,"column":0},"end":{"line":13,"column":24}}},"fnMap":{},"branchMap":{},"s":{"0":1,"1":1,"2":1,"3":1,"4":1,"5":1,"6":1,"7":1,"8":1,"9":1},"f":{},"b":{},"_coverageSchema":"1a1c01bbd47fc00a2c39e90264f33305004495a9","hash":"e248ae7d854694eebd57741d30f95f6daf4dd941"}
}
