TN:
SF:crud.js
FN:14,findAll
FN:18,findById
FN:22,findOne
FN:33,deleteById
FN:37,create
FN:42,updateSession
FNF:6
FNH:0
FNDA:0,findAll
FNDA:0,findById
FNDA:0,findOne
FNDA:0,deleteById
FNDA:0,create
FNDA:0,updateSession
DA:2,1
DA:4,1
DA:15,0
DA:19,0
DA:23,0
DA:34,0
DA:38,0
DA:39,0
DA:43,0
DA:49,0
DA:82,1
LF:11
LH:3
BRF:0
BRH:0
end_of_record
TN:
SF:index.js
FN:8,(anonymous_0)
FN:10,(anonymous_1)
FN:23,(anonymous_2)
FN:25,(anonymous_3)
FNF:4
FNH:0
FNDA:0,(anonymous_0)
FNDA:0,(anonymous_1)
FNDA:0,(anonymous_2)
FNDA:0,(anonymous_3)
DA:1,1
DA:2,1
DA:3,1
DA:4,1
DA:7,1
DA:8,1
DA:9,0
DA:11,0
DA:16,1
DA:17,1
DA:18,1
DA:20,1
DA:22,1
DA:23,1
DA:24,0
DA:25,0
DA:27,1
LF:17
LH:13
BRDA:22,0,0,1
BRDA:22,0,1,1
BRF:2
BRH:2
end_of_record
TN:
SF:config/database.js
FNF:0
FNH:0
DA:19,1
DA:21,1
DA:36,1
LF:3
LH:3
BRF:0
BRH:0
end_of_record
TN:
SF:controller/session.controller.js
FN:13,addSession
FN:16,(anonymous_1)
FN:19,(anonymous_2)
FN:24,findSessionById
FN:26,(anonymous_4)
FN:29,(anonymous_5)
FN:34,findSess
FN:36,(anonymous_7)
FN:39,(anonymous_8)
FN:44,deleteById
FN:46,(anonymous_10)
FN:52,(anonymous_11)
FN:57,updateSession
FN:59,(anonymous_13)
FN:65,(anonymous_14)
FN:70,findSessions
FN:72,(anonymous_16)
FN:75,(anonymous_17)
FNF:18
FNH:0
FNDA:0,addSession
FNDA:0,(anonymous_1)
FNDA:0,(anonymous_2)
FNDA:0,findSessionById
FNDA:0,(anonymous_4)
FNDA:0,(anonymous_5)
FNDA:0,findSess
FNDA:0,(anonymous_7)
FNDA:0,(anonymous_8)
FNDA:0,deleteById
FNDA:0,(anonymous_10)
FNDA:0,(anonymous_11)
FNDA:0,updateSession
FNDA:0,(anonymous_13)
FNDA:0,(anonymous_14)
FNDA:0,findSessions
FNDA:0,(anonymous_16)
FNDA:0,(anonymous_17)
DA:1,1
DA:4,1
DA:14,0
DA:15,0
DA:17,0
DA:20,0
DA:25,0
DA:27,0
DA:30,0
DA:35,0
DA:37,0
DA:40,0
DA:45,0
DA:47,0
DA:53,0
DA:58,0
DA:60,0
DA:66,0
DA:71,0
DA:73,0
DA:76,0
DA:82,1
LF:22
LH:3
BRF:0
BRH:0
end_of_record
TN:
SF:routes/routes.js
FNF:0
FNH:0
DA:1,1
DA:2,1
DA:3,1
DA:5,1
DA:6,1
LF:5
LH:5
BRF:0
BRH:0
end_of_record
TN:
SF:routes/sessions.route.js
FNF:0
FNH:0
DA:1,1
DA:2,1
DA:3,1
DA:5,1
DA:6,1
DA:7,1
DA:9,1
DA:10,1
DA:11,1
DA:13,1
LF:10
LH:10
BRF:0
BRH:0
end_of_record
